Flow report for barrel_shifter_built_case
Mon Dec 12 11:20:58 2022
Quartus Prime Version 20.1.1 Build 720 11/11/2020 SJ Lite Edition


---------------------
; Table of Contents ;
---------------------
  1. Legal Notice
  2. Flow Summary
  3. Flow Settings
  4. Flow Non-Default Global Settings
  5. Flow Elapsed Time
  6. Flow OS Summary
  7. Flow Log
  8. Flow Messages
  9. Flow Suppressed Messages



----------------
; Legal Notice ;
----------------
Copyright (C) 2020  Intel Corporation. All rights reserved.
Your use of Intel Corporation's design tools, logic functions 
and other software and tools, and any partner logic 
functions, and any output files from any of the foregoing 
(including device programming or simulation files), and any 
associated documentation or information are expressly subject 
to the terms and conditions of the Intel Program License 
Subscription Agreement, the Intel Quartus Prime License Agreement,
the Intel FPGA IP License Agreement, or other applicable license
agreement, including, without limitation, that your use is for
the sole purpose of programming logic devices manufactured by
Intel and sold by Intel or its authorized distributors.  Please
refer to the applicable agreement for further details, at
https://fpgasoftware.intel.com/eula.



+---------------------------------------------------------------------+
; Flow Summary                                                        ;
+-----------------------+---------------------------------------------+
; Flow Status           ; Successful - Mon Dec 12 11:19:49 2022       ;
; Quartus Prime Version ; 20.1.1 Build 720 11/11/2020 SJ Lite Edition ;
; Revision Name         ; barrel_shifter_built_case                   ;
; Top-level Entity Name ; barrel_shifter_built_case                   ;
; Family                ; MAX V                                       ;
; Total logic elements  ; 24 / 40 ( 60 % )                            ;
; Total pins            ; 19 / 54 ( 35 % )                            ;
; Total virtual pins    ; 0                                           ;
; UFM blocks            ; 0 / 1 ( 0 % )                               ;
; Device                ; 5M40ZE64C4                                  ;
; Timing Models         ; Final                                       ;
+-----------------------+---------------------------------------------+


+-----------------------------------------------+
; Flow Settings                                 ;
+-------------------+---------------------------+
; Option            ; Setting                   ;
+-------------------+---------------------------+
; Start date & time ; 12/12/2022 11:01:53       ;
; Main task         ; Compilation               ;
; Revision Name     ; barrel_shifter_built_case ;
+-------------------+---------------------------+


+-------------------------------------------------------------------------------------------------------+
; Flow Non-Default Global Settings                                                                      ;
+--------------------------+---------------------------------+---------------+-------------+------------+
; Assignment Name          ; Value                           ; Default Value ; Entity Name ; Section Id ;
+--------------------------+---------------------------------+---------------+-------------+------------+
; COMPILER_SIGNATURE_ID    ; 207184432199425.167087171331400 ; --            ; --          ; --         ;
; PROJECT_OUTPUT_DIRECTORY ; output_files                    ; --            ; --          ; --         ;
+--------------------------+---------------------------------+---------------+-------------+------------+


+--------------------------------------------------------------------------------------------------------------------------+
; Flow Elapsed Time                                                                                                        ;
+----------------------+--------------+-------------------------+---------------------+------------------------------------+
; Module Name          ; Elapsed Time ; Average Processors Used ; Peak Virtual Memory ; Total CPU Time (on all processors) ;
+----------------------+--------------+-------------------------+---------------------+------------------------------------+
; Analysis & Synthesis ; 00:00:10     ; 1.0                     ; 4701 MB             ; 00:00:28                           ;
; Fitter               ; 00:00:01     ; 1.0                     ; 5714 MB             ; 00:00:01                           ;
; Assembler            ; 00:00:00     ; 1.0                     ; 4660 MB             ; 00:00:01                           ;
; Timing Analyzer      ; 00:00:01     ; 1.0                     ; 4676 MB             ; 00:00:01                           ;
; Fitter               ; 00:00:02     ; 1.0                     ; 5712 MB             ; 00:00:01                           ;
; Timing Analyzer      ; 00:00:01     ; 1.0                     ; 4680 MB             ; 00:00:01                           ;
; Total                ; 00:00:15     ; --                      ; --                  ; 00:00:33                           ;
+----------------------+--------------+-------------------------+---------------------+------------------------------------+


+------------------------------------------------------------------------------------+
; Flow OS Summary                                                                    ;
+----------------------+------------------+------------+------------+----------------+
; Module Name          ; Machine Hostname ; OS Name    ; OS Version ; Processor type ;
+----------------------+------------------+------------+------------+----------------+
; Analysis & Synthesis ; DESKTOP-2SQHOTR  ; Windows 10 ; 10.0       ; x86_64         ;
; Fitter               ; DESKTOP-2SQHOTR  ; Windows 10 ; 10.0       ; x86_64         ;
; Assembler            ; DESKTOP-2SQHOTR  ; Windows 10 ; 10.0       ; x86_64         ;
; Timing Analyzer      ; DESKTOP-2SQHOTR  ; Windows 10 ; 10.0       ; x86_64         ;
; Fitter               ; DESKTOP-2SQHOTR  ; Windows 10 ; 10.0       ; x86_64         ;
; Timing Analyzer      ; DESKTOP-2SQHOTR  ; Windows 10 ; 10.0       ; x86_64         ;
+----------------------+------------------+------------+------------+----------------+


------------
; Flow Log ;
------------
quartus_map --read_settings_files=on --write_settings_files=off barrel_shifter_built_case -c barrel_shifter_built_case
quartus_fit --read_settings_files=off --write_settings_files=off barrel_shifter_built_case -c barrel_shifter_built_case
quartus_asm --read_settings_files=off --write_settings_files=off barrel_shifter_built_case -c barrel_shifter_built_case
quartus_sta barrel_shifter_built_case -c barrel_shifter_built_case
quartus_fit --read_settings_files=on --write_settings_files=off barrel_shifter_built_case -c barrel_shifter_built_case
quartus_sta barrel_shifter_built_case -c barrel_shifter_built_case



